2026-06-24 17:16:40 | INFO     | app.database | MongoDB client created for database: newspulse_ai
2026-06-24 17:22:55 | INFO     | app.database | MongoDB client created for database: newspulse_ai
2026-06-24 17:23:02 | INFO     | app.database | MongoDB client created for database: newspulse_ai
2026-06-24 17:25:31 | INFO     | app.database | MongoDB client created for database: newspulse_ai
2026-06-24 17:25:38 | INFO     | app.database | MongoDB client created for database: newspulse_ai
2026-06-24 17:25:42 | INFO     | app.database | MongoDB client created for database: newspulse_ai
2026-06-25 18:29:17 | INFO     | app.database | MongoDB client created for database: newspulse_ai
2026-06-25 18:35:37 | INFO     | app.database | MongoDB client created for database: newspulse_ai
2026-06-25 18:39:31 | INFO     | app.database | MongoDB client created for database: newspulse_ai
2026-06-25 18:40:07 | INFO     | app.services.embedding_service | Sentence-Transformers model loaded: all-MiniLM-L6-v2
2026-06-25 18:40:07 | INFO     | app.main | NewsPulse AI backend starting up
2026-06-25 18:41:04 | INFO     | app.main | GET / -> 200 (1.01ms)
2026-06-25 18:41:04 | INFO     | app.main | GET /favicon.ico -> 404 (0.99ms)
2026-06-25 18:42:24 | INFO     | app.main | GET / -> 200 (0.0ms)
2026-06-25 18:46:37 | INFO     | app.main | OPTIONS /api/auth/login -> 200 (0.0ms)
2026-06-25 18:46:38 | INFO     | app.controllers.auth_controller | Login attempt for unknown email: anjalimahapatra24@gmail.com
2026-06-25 18:46:38 | WARNING  | app.main | AppError on POST /api/auth/login: No account found with this email.
2026-06-25 18:46:38 | INFO     | app.main | POST /api/auth/login -> 404 (70.21ms)
2026-06-25 18:47:43 | INFO     | app.main | OPTIONS /api/auth/signup -> 200 (1.0ms)
2026-06-25 18:47:43 | ERROR    | app.main | Unhandled error on POST /api/auth/signup
  + Exception Group Traceback (most recent call last):
  |   File "D:\project\newspulse-ai\venv\Lib\site-packages\starlette\_utils.py", line 87, in collapse_excgroups
  |     yield
  |   File "D:\project\newspulse-ai\venv\Lib\site-packages\starlette\middleware\base.py", line 190, in __call__
  |     async with anyio.create_task_group() as task_group:
  |   File "D:\project\newspulse-ai\venv\Lib\site-packages\anyio\_backends\_asyncio.py", line 811, in __aexit__
  |     raise BaseExceptionGroup(
  | ExceptionGroup: unhandled errors in a TaskGroup (1 sub-exception)
  +-+---------------- 1 ----------------
    | Traceback (most recent call last):
    |   File "D:\project\newspulse-ai\venv\Lib\site-packages\starlette\middleware\errors.py", line 164, in __call__
    |     await self.app(scope, receive, _send)
    |   File "D:\project\newspulse-ai\venv\Lib\site-packages\starlette\middleware\base.py", line 189, in __call__
    |     with collapse_excgroups():
    |   File "C:\Users\anjal\AppData\Local\Programs\Python\Python311\Lib\contextlib.py", line 158, in __exit__
    |     self.gen.throw(typ, value, traceback)
    |   File "D:\project\newspulse-ai\venv\Lib\site-packages\starlette\_utils.py", line 93, in collapse_excgroups
    |     raise exc
    |   File "D:\project\newspulse-ai\venv\Lib\site-packages\starlette\middleware\base.py", line 191, in __call__
    |     response = await self.dispatch_func(request, call_next)
    |                ^^^^^^^^^^^^^^^^^^^^^^^^^^^^^^^^^^^^^^^^^^^^
    |   File "D:\project\newspulse-ai\backend\app\main.py", line 28, in log_requests
    |     response = await call_next(request)
    |                ^^^^^^^^^^^^^^^^^^^^^^^^
    |   File "D:\project\newspulse-ai\venv\Lib\site-packages\starlette\middleware\base.py", line 165, in call_next
    |     raise app_exc
    |   File "D:\project\newspulse-ai\venv\Lib\site-packages\starlette\middleware\base.py", line 151, in coro
    |     await self.app(scope, receive_or_disconnect, send_no_error)
    |   File "D:\project\newspulse-ai\venv\Lib\site-packages\starlette\middleware\cors.py", line 93, in __call__
    |     await self.simple_response(scope, receive, send, request_headers=headers)
    |   File "D:\project\newspulse-ai\venv\Lib\site-packages\starlette\middleware\cors.py", line 148, in simple_response
    |     await self.app(scope, receive, send)
    |   File "D:\project\newspulse-ai\venv\Lib\site-packages\starlette\middleware\exceptions.py", line 65, in __call__
    |     await wrap_app_handling_exceptions(self.app, conn)(scope, receive, send)
    |   File "D:\project\newspulse-ai\venv\Lib\site-packages\starlette\_exception_handler.py", line 64, in wrapped_app
    |     raise exc
    |   File "D:\project\newspulse-ai\venv\Lib\site-packages\starlette\_exception_handler.py", line 53, in wrapped_app
    |     await app(scope, receive, sender)
    |   File "D:\project\newspulse-ai\venv\Lib\site-packages\starlette\routing.py", line 756, in __call__
    |     await self.middleware_stack(scope, receive, send)
    |   File "D:\project\newspulse-ai\venv\Lib\site-packages\starlette\routing.py", line 776, in app
    |     await route.handle(scope, receive, send)
    |   File "D:\project\newspulse-ai\venv\Lib\site-packages\starlette\routing.py", line 297, in handle
    |     await self.app(scope, receive, send)
    |   File "D:\project\newspulse-ai\venv\Lib\site-packages\starlette\routing.py", line 77, in app
    |     await wrap_app_handling_exceptions(app, request)(scope, receive, send)
    |   File "D:\project\newspulse-ai\venv\Lib\site-packages\starlette\_exception_handler.py", line 64, in wrapped_app
    |     raise exc
    |   File "D:\project\newspulse-ai\venv\Lib\site-packages\starlette\_exception_handler.py", line 53, in wrapped_app
    |     await app(scope, receive, sender)
    |   File "D:\project\newspulse-ai\venv\Lib\site-packages\starlette\routing.py", line 72, in app
    |     response = await func(request)
    |                ^^^^^^^^^^^^^^^^^^^
    |   File "D:\project\newspulse-ai\venv\Lib\site-packages\fastapi\routing.py", line 278, in app
    |     raw_response = await run_endpoint_function(
    |                    ^^^^^^^^^^^^^^^^^^^^^^^^^^^^
    |   File "D:\project\newspulse-ai\venv\Lib\site-packages\fastapi\routing.py", line 191, in run_endpoint_function
    |     return await dependant.call(**values)
    |            ^^^^^^^^^^^^^^^^^^^^^^^^^^^^^^
    |   File "D:\project\newspulse-ai\backend\app\routes\auth_routes.py", line 13, in signup
    |     return await auth_controller.signup_user(data)
    |            ^^^^^^^^^^^^^^^^^^^^^^^^^^^^^^^^^^^^^^^
    |   File "D:\project\newspulse-ai\backend\app\controllers\auth_controller.py", line 21, in signup_user
    |     user = UserModel(email=data.email, hashed_password=hash_password(data.password), name=data.name)
    |                                                        ^^^^^^^^^^^^^^^^^^^^^^^^^^^^
    |   File "D:\project\newspulse-ai\backend\app\utils\security.py", line 18, in hash_password
    |     return pwd_context.hash(password)
    |            ^^^^^^^^^^^^^^^^^^^^^^^^^^
    |   File "D:\project\newspulse-ai\venv\Lib\site-packages\passlib\context.py", line 2258, in hash
    |     return record.hash(secret, **kwds)
    |            ^^^^^^^^^^^^^^^^^^^^^^^^^^^
    |   File "D:\project\newspulse-ai\venv\Lib\site-packages\passlib\utils\handlers.py", line 779, in hash
    |     self.checksum = self._calc_checksum(secret)
    |                     ^^^^^^^^^^^^^^^^^^^^^^^^^^^
    |   File "D:\project\newspulse-ai\venv\Lib\site-packages\passlib\handlers\bcrypt.py", line 591, in _calc_checksum
    |     self._stub_requires_backend()
    |   File "D:\project\newspulse-ai\venv\Lib\site-packages\passlib\utils\handlers.py", line 2254, in _stub_requires_backend
    |     cls.set_backend()
    |   File "D:\project\newspulse-ai\venv\Lib\site-packages\passlib\utils\handlers.py", line 2156, in set_backend
    |     return owner.set_backend(name, dryrun=dryrun)
    |            ^^^^^^^^^^^^^^^^^^^^^^^^^^^^^^^^^^^^^^
    |   File "D:\project\newspulse-ai\venv\Lib\site-packages\passlib\utils\handlers.py", line 2163, in set_backend
    |     return cls.set_backend(name, dryrun=dryrun)
    |            ^^^^^^^^^^^^^^^^^^^^^^^^^^^^^^^^^^^^
    |   File "D:\project\newspulse-ai\venv\Lib\site-packages\passlib\utils\handlers.py", line 2188, in set_backend
    |     cls._set_backend(name, dryrun)
    |   File "D:\project\newspulse-ai\venv\Lib\site-packages\passlib\utils\handlers.py", line 2311, in _set_backend
    |     super(SubclassBackendMixin, cls)._set_backend(name, dryrun)
    |   File "D:\project\newspulse-ai\venv\Lib\site-packages\passlib\utils\handlers.py", line 2224, in _set_backend
    |     ok = loader(**kwds)
    |          ^^^^^^^^^^^^^^
    |   File "D:\project\newspulse-ai\venv\Lib\site-packages\passlib\handlers\bcrypt.py", line 626, in _load_backend_mixin
    |     return mixin_cls._finalize_backend_mixin(name, dryrun)
    |            ^^^^^^^^^^^^^^^^^^^^^^^^^^^^^^^^^^^^^^^^^^^^^^^
    |   File "D:\project\newspulse-ai\venv\Lib\site-packages\passlib\handlers\bcrypt.py", line 421, in _finalize_backend_mixin
    |     if detect_wrap_bug(IDENT_2A):
    |        ^^^^^^^^^^^^^^^^^^^^^^^^^
    |   File "D:\project\newspulse-ai\venv\Lib\site-packages\passlib\handlers\bcrypt.py", line 380, in detect_wrap_bug
    |     if verify(secret, bug_hash):
    |        ^^^^^^^^^^^^^^^^^^^^^^^^
    |   File "D:\project\newspulse-ai\venv\Lib\site-packages\passlib\utils\handlers.py", line 792, in verify
    |     return consteq(self._calc_checksum(secret), chk)
    |                    ^^^^^^^^^^^^^^^^^^^^^^^^^^^
    |   File "D:\project\newspulse-ai\venv\Lib\site-packages\passlib\handlers\bcrypt.py", line 655, in _calc_checksum
    |     hash = _bcrypt.hashpw(secret, config)
    |            ^^^^^^^^^^^^^^^^^^^^^^^^^^^^^^
    | ValueError: password cannot be longer than 72 bytes, truncate manually if necessary (e.g. my_password[:72])
    +------------------------------------

During handling of the above exception, another exception occurred:

Traceback (most recent call last):
  File "D:\project\newspulse-ai\venv\Lib\site-packages\starlette\middleware\errors.py", line 164, in __call__
    await self.app(scope, receive, _send)
  File "D:\project\newspulse-ai\venv\Lib\site-packages\starlette\middleware\base.py", line 189, in __call__
    with collapse_excgroups():
  File "C:\Users\anjal\AppData\Local\Programs\Python\Python311\Lib\contextlib.py", line 158, in __exit__
    self.gen.throw(typ, value, traceback)
  File "D:\project\newspulse-ai\venv\Lib\site-packages\starlette\_utils.py", line 93, in collapse_excgroups
    raise exc
  File "D:\project\newspulse-ai\venv\Lib\site-packages\starlette\middleware\base.py", line 191, in __call__
    response = await self.dispatch_func(request, call_next)
               ^^^^^^^^^^^^^^^^^^^^^^^^^^^^^^^^^^^^^^^^^^^^
  File "D:\project\newspulse-ai\backend\app\main.py", line 28, in log_requests
    response = await call_next(request)
               ^^^^^^^^^^^^^^^^^^^^^^^^
  File "D:\project\newspulse-ai\venv\Lib\site-packages\starlette\middleware\base.py", line 165, in call_next
    raise app_exc
  File "D:\project\newspulse-ai\venv\Lib\site-packages\starlette\middleware\base.py", line 151, in coro
    await self.app(scope, receive_or_disconnect, send_no_error)
  File "D:\project\newspulse-ai\venv\Lib\site-packages\starlette\middleware\cors.py", line 93, in __call__
    await self.simple_response(scope, receive, send, request_headers=headers)
  File "D:\project\newspulse-ai\venv\Lib\site-packages\starlette\middleware\cors.py", line 148, in simple_response
    await self.app(scope, receive, send)
  File "D:\project\newspulse-ai\venv\Lib\site-packages\starlette\middleware\exceptions.py", line 65, in __call__
    await wrap_app_handling_exceptions(self.app, conn)(scope, receive, send)
  File "D:\project\newspulse-ai\venv\Lib\site-packages\starlette\_exception_handler.py", line 64, in wrapped_app
    raise exc
  File "D:\project\newspulse-ai\venv\Lib\site-packages\starlette\_exception_handler.py", line 53, in wrapped_app
    await app(scope, receive, sender)
  File "D:\project\newspulse-ai\venv\Lib\site-packages\starlette\routing.py", line 756, in __call__
    await self.middleware_stack(scope, receive, send)
  File "D:\project\newspulse-ai\venv\Lib\site-packages\starlette\routing.py", line 776, in app
    await route.handle(scope, receive, send)
  File "D:\project\newspulse-ai\venv\Lib\site-packages\starlette\routing.py", line 297, in handle
    await self.app(scope, receive, send)
  File "D:\project\newspulse-ai\venv\Lib\site-packages\starlette\routing.py", line 77, in app
    await wrap_app_handling_exceptions(app, request)(scope, receive, send)
  File "D:\project\newspulse-ai\venv\Lib\site-packages\starlette\_exception_handler.py", line 64, in wrapped_app
    raise exc
  File "D:\project\newspulse-ai\venv\Lib\site-packages\starlette\_exception_handler.py", line 53, in wrapped_app
    await app(scope, receive, sender)
  File "D:\project\newspulse-ai\venv\Lib\site-packages\starlette\routing.py", line 72, in app
    response = await func(request)
               ^^^^^^^^^^^^^^^^^^^
  File "D:\project\newspulse-ai\venv\Lib\site-packages\fastapi\routing.py", line 278, in app
    raw_response = await run_endpoint_function(
                   ^^^^^^^^^^^^^^^^^^^^^^^^^^^^
  File "D:\project\newspulse-ai\venv\Lib\site-packages\fastapi\routing.py", line 191, in run_endpoint_function
    return await dependant.call(**values)
           ^^^^^^^^^^^^^^^^^^^^^^^^^^^^^^
  File "D:\project\newspulse-ai\backend\app\routes\auth_routes.py", line 13, in signup
    return await auth_controller.signup_user(data)
           ^^^^^^^^^^^^^^^^^^^^^^^^^^^^^^^^^^^^^^^
  File "D:\project\newspulse-ai\backend\app\controllers\auth_controller.py", line 21, in signup_user
    user = UserModel(email=data.email, hashed_password=hash_password(data.password), name=data.name)
                                                       ^^^^^^^^^^^^^^^^^^^^^^^^^^^^
  File "D:\project\newspulse-ai\backend\app\utils\security.py", line 18, in hash_password
    return pwd_context.hash(password)
           ^^^^^^^^^^^^^^^^^^^^^^^^^^
  File "D:\project\newspulse-ai\venv\Lib\site-packages\passlib\context.py", line 2258, in hash
    return record.hash(secret, **kwds)
           ^^^^^^^^^^^^^^^^^^^^^^^^^^^
  File "D:\project\newspulse-ai\venv\Lib\site-packages\passlib\utils\handlers.py", line 779, in hash
    self.checksum = self._calc_checksum(secret)
                    ^^^^^^^^^^^^^^^^^^^^^^^^^^^
  File "D:\project\newspulse-ai\venv\Lib\site-packages\passlib\handlers\bcrypt.py", line 591, in _calc_checksum
    self._stub_requires_backend()
  File "D:\project\newspulse-ai\venv\Lib\site-packages\passlib\utils\handlers.py", line 2254, in _stub_requires_backend
    cls.set_backend()
  File "D:\project\newspulse-ai\venv\Lib\site-packages\passlib\utils\handlers.py", line 2156, in set_backend
    return owner.set_backend(name, dryrun=dryrun)
           ^^^^^^^^^^^^^^^^^^^^^^^^^^^^^^^^^^^^^^
  File "D:\project\newspulse-ai\venv\Lib\site-packages\passlib\utils\handlers.py", line 2163, in set_backend
    return cls.set_backend(name, dryrun=dryrun)
           ^^^^^^^^^^^^^^^^^^^^^^^^^^^^^^^^^^^^
  File "D:\project\newspulse-ai\venv\Lib\site-packages\passlib\utils\handlers.py", line 2188, in set_backend
    cls._set_backend(name, dryrun)
  File "D:\project\newspulse-ai\venv\Lib\site-packages\passlib\utils\handlers.py", line 2311, in _set_backend
    super(SubclassBackendMixin, cls)._set_backend(name, dryrun)
  File "D:\project\newspulse-ai\venv\Lib\site-packages\passlib\utils\handlers.py", line 2224, in _set_backend
    ok = loader(**kwds)
         ^^^^^^^^^^^^^^
  File "D:\project\newspulse-ai\venv\Lib\site-packages\passlib\handlers\bcrypt.py", line 626, in _load_backend_mixin
    return mixin_cls._finalize_backend_mixin(name, dryrun)
           ^^^^^^^^^^^^^^^^^^^^^^^^^^^^^^^^^^^^^^^^^^^^^^^
  File "D:\project\newspulse-ai\venv\Lib\site-packages\passlib\handlers\bcrypt.py", line 421, in _finalize_backend_mixin
    if detect_wrap_bug(IDENT_2A):
       ^^^^^^^^^^^^^^^^^^^^^^^^^
  File "D:\project\newspulse-ai\venv\Lib\site-packages\passlib\handlers\bcrypt.py", line 380, in detect_wrap_bug
    if verify(secret, bug_hash):
       ^^^^^^^^^^^^^^^^^^^^^^^^
  File "D:\project\newspulse-ai\venv\Lib\site-packages\passlib\utils\handlers.py", line 792, in verify
    return consteq(self._calc_checksum(secret), chk)
                   ^^^^^^^^^^^^^^^^^^^^^^^^^^^
  File "D:\project\newspulse-ai\venv\Lib\site-packages\passlib\handlers\bcrypt.py", line 655, in _calc_checksum
    hash = _bcrypt.hashpw(secret, config)
           ^^^^^^^^^^^^^^^^^^^^^^^^^^^^^^
ValueError: password cannot be longer than 72 bytes, truncate manually if necessary (e.g. my_password[:72])
2026-06-25 18:47:49 | ERROR    | app.main | Unhandled error on POST /api/auth/signup
  + Exception Group Traceback (most recent call last):
  |   File "D:\project\newspulse-ai\venv\Lib\site-packages\starlette\_utils.py", line 87, in collapse_excgroups
  |     yield
  |   File "D:\project\newspulse-ai\venv\Lib\site-packages\starlette\middleware\base.py", line 190, in __call__
  |     async with anyio.create_task_group() as task_group:
  |   File "D:\project\newspulse-ai\venv\Lib\site-packages\anyio\_backends\_asyncio.py", line 811, in __aexit__
  |     raise BaseExceptionGroup(
  | ExceptionGroup: unhandled errors in a TaskGroup (1 sub-exception)
  +-+---------------- 1 ----------------
    | Traceback (most recent call last):
    |   File "D:\project\newspulse-ai\venv\Lib\site-packages\starlette\middleware\errors.py", line 164, in __call__
    |     await self.app(scope, receive, _send)
    |   File "D:\project\newspulse-ai\venv\Lib\site-packages\starlette\middleware\base.py", line 189, in __call__
    |     with collapse_excgroups():
    |   File "C:\Users\anjal\AppData\Local\Programs\Python\Python311\Lib\contextlib.py", line 158, in __exit__
    |     self.gen.throw(typ, value, traceback)
    |   File "D:\project\newspulse-ai\venv\Lib\site-packages\starlette\_utils.py", line 93, in collapse_excgroups
    |     raise exc
    |   File "D:\project\newspulse-ai\venv\Lib\site-packages\starlette\middleware\base.py", line 191, in __call__
    |     response = await self.dispatch_func(request, call_next)
    |                ^^^^^^^^^^^^^^^^^^^^^^^^^^^^^^^^^^^^^^^^^^^^
    |   File "D:\project\newspulse-ai\backend\app\main.py", line 28, in log_requests
    |     response = await call_next(request)
    |                ^^^^^^^^^^^^^^^^^^^^^^^^
    |   File "D:\project\newspulse-ai\venv\Lib\site-packages\starlette\middleware\base.py", line 165, in call_next
    |     raise app_exc
    |   File "D:\project\newspulse-ai\venv\Lib\site-packages\starlette\middleware\base.py", line 151, in coro
    |     await self.app(scope, receive_or_disconnect, send_no_error)
    |   File "D:\project\newspulse-ai\venv\Lib\site-packages\starlette\middleware\cors.py", line 93, in __call__
    |     await self.simple_response(scope, receive, send, request_headers=headers)
    |   File "D:\project\newspulse-ai\venv\Lib\site-packages\starlette\middleware\cors.py", line 148, in simple_response
    |     await self.app(scope, receive, send)
    |   File "D:\project\newspulse-ai\venv\Lib\site-packages\starlette\middleware\exceptions.py", line 65, in __call__
    |     await wrap_app_handling_exceptions(self.app, conn)(scope, receive, send)
    |   File "D:\project\newspulse-ai\venv\Lib\site-packages\starlette\_exception_handler.py", line 64, in wrapped_app
    |     raise exc
    |   File "D:\project\newspulse-ai\venv\Lib\site-packages\starlette\_exception_handler.py", line 53, in wrapped_app
    |     await app(scope, receive, sender)
    |   File "D:\project\newspulse-ai\venv\Lib\site-packages\starlette\routing.py", line 756, in __call__
    |     await self.middleware_stack(scope, receive, send)
    |   File "D:\project\newspulse-ai\venv\Lib\site-packages\starlette\routing.py", line 776, in app
    |     await route.handle(scope, receive, send)
    |   File "D:\project\newspulse-ai\venv\Lib\site-packages\starlette\routing.py", line 297, in handle
    |     await self.app(scope, receive, send)
    |   File "D:\project\newspulse-ai\venv\Lib\site-packages\starlette\routing.py", line 77, in app
    |     await wrap_app_handling_exceptions(app, request)(scope, receive, send)
    |   File "D:\project\newspulse-ai\venv\Lib\site-packages\starlette\_exception_handler.py", line 64, in wrapped_app
    |     raise exc
    |   File "D:\project\newspulse-ai\venv\Lib\site-packages\starlette\_exception_handler.py", line 53, in wrapped_app
    |     await app(scope, receive, sender)
    |   File "D:\project\newspulse-ai\venv\Lib\site-packages\starlette\routing.py", line 72, in app
    |     response = await func(request)
    |                ^^^^^^^^^^^^^^^^^^^
    |   File "D:\project\newspulse-ai\venv\Lib\site-packages\fastapi\routing.py", line 278, in app
    |     raw_response = await run_endpoint_function(
    |                    ^^^^^^^^^^^^^^^^^^^^^^^^^^^^
    |   File "D:\project\newspulse-ai\venv\Lib\site-packages\fastapi\routing.py", line 191, in run_endpoint_function
    |     return await dependant.call(**values)
    |            ^^^^^^^^^^^^^^^^^^^^^^^^^^^^^^
    |   File "D:\project\newspulse-ai\backend\app\routes\auth_routes.py", line 13, in signup
    |     return await auth_controller.signup_user(data)
    |            ^^^^^^^^^^^^^^^^^^^^^^^^^^^^^^^^^^^^^^^
    |   File "D:\project\newspulse-ai\backend\app\controllers\auth_controller.py", line 21, in signup_user
    |     user = UserModel(email=data.email, hashed_password=hash_password(data.password), name=data.name)
    |                                                        ^^^^^^^^^^^^^^^^^^^^^^^^^^^^
    |   File "D:\project\newspulse-ai\backend\app\utils\security.py", line 18, in hash_password
    |     return pwd_context.hash(password)
    |            ^^^^^^^^^^^^^^^^^^^^^^^^^^
    |   File "D:\project\newspulse-ai\venv\Lib\site-packages\passlib\context.py", line 2258, in hash
    |     return record.hash(secret, **kwds)
    |            ^^^^^^^^^^^^^^^^^^^^^^^^^^^
    |   File "D:\project\newspulse-ai\venv\Lib\site-packages\passlib\utils\handlers.py", line 779, in hash
    |     self.checksum = self._calc_checksum(secret)
    |                     ^^^^^^^^^^^^^^^^^^^^^^^^^^^
    |   File "D:\project\newspulse-ai\venv\Lib\site-packages\passlib\handlers\bcrypt.py", line 591, in _calc_checksum
    |     self._stub_requires_backend()
    |   File "D:\project\newspulse-ai\venv\Lib\site-packages\passlib\utils\handlers.py", line 2254, in _stub_requires_backend
    |     cls.set_backend()
    |   File "D:\project\newspulse-ai\venv\Lib\site-packages\passlib\utils\handlers.py", line 2156, in set_backend
    |     return owner.set_backend(name, dryrun=dryrun)
    |            ^^^^^^^^^^^^^^^^^^^^^^^^^^^^^^^^^^^^^^
    |   File "D:\project\newspulse-ai\venv\Lib\site-packages\passlib\utils\handlers.py", line 2163, in set_backend
    |     return cls.set_backend(name, dryrun=dryrun)
    |            ^^^^^^^^^^^^^^^^^^^^^^^^^^^^^^^^^^^^
    |   File "D:\project\newspulse-ai\venv\Lib\site-packages\passlib\utils\handlers.py", line 2188, in set_backend
    |     cls._set_backend(name, dryrun)
    |   File "D:\project\newspulse-ai\venv\Lib\site-packages\passlib\utils\handlers.py", line 2311, in _set_backend
    |     super(SubclassBackendMixin, cls)._set_backend(name, dryrun)
    |   File "D:\project\newspulse-ai\venv\Lib\site-packages\passlib\utils\handlers.py", line 2224, in _set_backend
    |     ok = loader(**kwds)
    |          ^^^^^^^^^^^^^^
    |   File "D:\project\newspulse-ai\venv\Lib\site-packages\passlib\handlers\bcrypt.py", line 626, in _load_backend_mixin
    |     return mixin_cls._finalize_backend_mixin(name, dryrun)
    |            ^^^^^^^^^^^^^^^^^^^^^^^^^^^^^^^^^^^^^^^^^^^^^^^
    |   File "D:\project\newspulse-ai\venv\Lib\site-packages\passlib\handlers\bcrypt.py", line 421, in _finalize_backend_mixin
    |     if detect_wrap_bug(IDENT_2A):
    |        ^^^^^^^^^^^^^^^^^^^^^^^^^
    |   File "D:\project\newspulse-ai\venv\Lib\site-packages\passlib\handlers\bcrypt.py", line 380, in detect_wrap_bug
    |     if verify(secret, bug_hash):
    |        ^^^^^^^^^^^^^^^^^^^^^^^^
    |   File "D:\project\newspulse-ai\venv\Lib\site-packages\passlib\utils\handlers.py", line 792, in verify
    |     return consteq(self._calc_checksum(secret), chk)
    |                    ^^^^^^^^^^^^^^^^^^^^^^^^^^^
    |   File "D:\project\newspulse-ai\venv\Lib\site-packages\passlib\handlers\bcrypt.py", line 655, in _calc_checksum
    |     hash = _bcrypt.hashpw(secret, config)
    |            ^^^^^^^^^^^^^^^^^^^^^^^^^^^^^^
    | ValueError: password cannot be longer than 72 bytes, truncate manually if necessary (e.g. my_password[:72])
    +------------------------------------

During handling of the above exception, another exception occurred:

Traceback (most recent call last):
  File "D:\project\newspulse-ai\venv\Lib\site-packages\starlette\middleware\errors.py", line 164, in __call__
    await self.app(scope, receive, _send)
  File "D:\project\newspulse-ai\venv\Lib\site-packages\starlette\middleware\base.py", line 189, in __call__
    with collapse_excgroups():
  File "C:\Users\anjal\AppData\Local\Programs\Python\Python311\Lib\contextlib.py", line 158, in __exit__
    self.gen.throw(typ, value, traceback)
  File "D:\project\newspulse-ai\venv\Lib\site-packages\starlette\_utils.py", line 93, in collapse_excgroups
    raise exc
  File "D:\project\newspulse-ai\venv\Lib\site-packages\starlette\middleware\base.py", line 191, in __call__
    response = await self.dispatch_func(request, call_next)
               ^^^^^^^^^^^^^^^^^^^^^^^^^^^^^^^^^^^^^^^^^^^^
  File "D:\project\newspulse-ai\backend\app\main.py", line 28, in log_requests
    response = await call_next(request)
               ^^^^^^^^^^^^^^^^^^^^^^^^
  File "D:\project\newspulse-ai\venv\Lib\site-packages\starlette\middleware\base.py", line 165, in call_next
    raise app_exc
  File "D:\project\newspulse-ai\venv\Lib\site-packages\starlette\middleware\base.py", line 151, in coro
    await self.app(scope, receive_or_disconnect, send_no_error)
  File "D:\project\newspulse-ai\venv\Lib\site-packages\starlette\middleware\cors.py", line 93, in __call__
    await self.simple_response(scope, receive, send, request_headers=headers)
  File "D:\project\newspulse-ai\venv\Lib\site-packages\starlette\middleware\cors.py", line 148, in simple_response
    await self.app(scope, receive, send)
  File "D:\project\newspulse-ai\venv\Lib\site-packages\starlette\middleware\exceptions.py", line 65, in __call__
    await wrap_app_handling_exceptions(self.app, conn)(scope, receive, send)
  File "D:\project\newspulse-ai\venv\Lib\site-packages\starlette\_exception_handler.py", line 64, in wrapped_app
    raise exc
  File "D:\project\newspulse-ai\venv\Lib\site-packages\starlette\_exception_handler.py", line 53, in wrapped_app
    await app(scope, receive, sender)
  File "D:\project\newspulse-ai\venv\Lib\site-packages\starlette\routing.py", line 756, in __call__
    await self.middleware_stack(scope, receive, send)
  File "D:\project\newspulse-ai\venv\Lib\site-packages\starlette\routing.py", line 776, in app
    await route.handle(scope, receive, send)
  File "D:\project\newspulse-ai\venv\Lib\site-packages\starlette\routing.py", line 297, in handle
    await self.app(scope, receive, send)
  File "D:\project\newspulse-ai\venv\Lib\site-packages\starlette\routing.py", line 77, in app
    await wrap_app_handling_exceptions(app, request)(scope, receive, send)
  File "D:\project\newspulse-ai\venv\Lib\site-packages\starlette\_exception_handler.py", line 64, in wrapped_app
    raise exc
  File "D:\project\newspulse-ai\venv\Lib\site-packages\starlette\_exception_handler.py", line 53, in wrapped_app
    await app(scope, receive, sender)
  File "D:\project\newspulse-ai\venv\Lib\site-packages\starlette\routing.py", line 72, in app
    response = await func(request)
               ^^^^^^^^^^^^^^^^^^^
  File "D:\project\newspulse-ai\venv\Lib\site-packages\fastapi\routing.py", line 278, in app
    raw_response = await run_endpoint_function(
                   ^^^^^^^^^^^^^^^^^^^^^^^^^^^^
  File "D:\project\newspulse-ai\venv\Lib\site-packages\fastapi\routing.py", line 191, in run_endpoint_function
    return await dependant.call(**values)
           ^^^^^^^^^^^^^^^^^^^^^^^^^^^^^^
  File "D:\project\newspulse-ai\backend\app\routes\auth_routes.py", line 13, in signup
    return await auth_controller.signup_user(data)
           ^^^^^^^^^^^^^^^^^^^^^^^^^^^^^^^^^^^^^^^
  File "D:\project\newspulse-ai\backend\app\controllers\auth_controller.py", line 21, in signup_user
    user = UserModel(email=data.email, hashed_password=hash_password(data.password), name=data.name)
                                                       ^^^^^^^^^^^^^^^^^^^^^^^^^^^^
  File "D:\project\newspulse-ai\backend\app\utils\security.py", line 18, in hash_password
    return pwd_context.hash(password)
           ^^^^^^^^^^^^^^^^^^^^^^^^^^
  File "D:\project\newspulse-ai\venv\Lib\site-packages\passlib\context.py", line 2258, in hash
    return record.hash(secret, **kwds)
           ^^^^^^^^^^^^^^^^^^^^^^^^^^^
  File "D:\project\newspulse-ai\venv\Lib\site-packages\passlib\utils\handlers.py", line 779, in hash
    self.checksum = self._calc_checksum(secret)
                    ^^^^^^^^^^^^^^^^^^^^^^^^^^^
  File "D:\project\newspulse-ai\venv\Lib\site-packages\passlib\handlers\bcrypt.py", line 591, in _calc_checksum
    self._stub_requires_backend()
  File "D:\project\newspulse-ai\venv\Lib\site-packages\passlib\utils\handlers.py", line 2254, in _stub_requires_backend
    cls.set_backend()
  File "D:\project\newspulse-ai\venv\Lib\site-packages\passlib\utils\handlers.py", line 2156, in set_backend
    return owner.set_backend(name, dryrun=dryrun)
           ^^^^^^^^^^^^^^^^^^^^^^^^^^^^^^^^^^^^^^
  File "D:\project\newspulse-ai\venv\Lib\site-packages\passlib\utils\handlers.py", line 2163, in set_backend
    return cls.set_backend(name, dryrun=dryrun)
           ^^^^^^^^^^^^^^^^^^^^^^^^^^^^^^^^^^^^
  File "D:\project\newspulse-ai\venv\Lib\site-packages\passlib\utils\handlers.py", line 2188, in set_backend
    cls._set_backend(name, dryrun)
  File "D:\project\newspulse-ai\venv\Lib\site-packages\passlib\utils\handlers.py", line 2311, in _set_backend
    super(SubclassBackendMixin, cls)._set_backend(name, dryrun)
  File "D:\project\newspulse-ai\venv\Lib\site-packages\passlib\utils\handlers.py", line 2224, in _set_backend
    ok = loader(**kwds)
         ^^^^^^^^^^^^^^
  File "D:\project\newspulse-ai\venv\Lib\site-packages\passlib\handlers\bcrypt.py", line 626, in _load_backend_mixin
    return mixin_cls._finalize_backend_mixin(name, dryrun)
           ^^^^^^^^^^^^^^^^^^^^^^^^^^^^^^^^^^^^^^^^^^^^^^^
  File "D:\project\newspulse-ai\venv\Lib\site-packages\passlib\handlers\bcrypt.py", line 421, in _finalize_backend_mixin
    if detect_wrap_bug(IDENT_2A):
       ^^^^^^^^^^^^^^^^^^^^^^^^^
  File "D:\project\newspulse-ai\venv\Lib\site-packages\passlib\handlers\bcrypt.py", line 380, in detect_wrap_bug
    if verify(secret, bug_hash):
       ^^^^^^^^^^^^^^^^^^^^^^^^
  File "D:\project\newspulse-ai\venv\Lib\site-packages\passlib\utils\handlers.py", line 792, in verify
    return consteq(self._calc_checksum(secret), chk)
                   ^^^^^^^^^^^^^^^^^^^^^^^^^^^
  File "D:\project\newspulse-ai\venv\Lib\site-packages\passlib\handlers\bcrypt.py", line 655, in _calc_checksum
    hash = _bcrypt.hashpw(secret, config)
           ^^^^^^^^^^^^^^^^^^^^^^^^^^^^^^
ValueError: password cannot be longer than 72 bytes, truncate manually if necessary (e.g. my_password[:72])
2026-06-25 18:52:05 | ERROR    | app.main | Unhandled error on POST /api/auth/signup
  + Exception Group Traceback (most recent call last):
  |   File "D:\project\newspulse-ai\venv\Lib\site-packages\starlette\_utils.py", line 87, in collapse_excgroups
  |     yield
  |   File "D:\project\newspulse-ai\venv\Lib\site-packages\starlette\middleware\base.py", line 190, in __call__
  |     async with anyio.create_task_group() as task_group:
  |   File "D:\project\newspulse-ai\venv\Lib\site-packages\anyio\_backends\_asyncio.py", line 811, in __aexit__
  |     raise BaseExceptionGroup(
  | ExceptionGroup: unhandled errors in a TaskGroup (1 sub-exception)
  +-+---------------- 1 ----------------
    | Traceback (most recent call last):
    |   File "D:\project\newspulse-ai\venv\Lib\site-packages\starlette\middleware\errors.py", line 164, in __call__
    |     await self.app(scope, receive, _send)
    |   File "D:\project\newspulse-ai\venv\Lib\site-packages\starlette\middleware\base.py", line 189, in __call__
    |     with collapse_excgroups():
    |   File "C:\Users\anjal\AppData\Local\Programs\Python\Python311\Lib\contextlib.py", line 158, in __exit__
    |     self.gen.throw(typ, value, traceback)
    |   File "D:\project\newspulse-ai\venv\Lib\site-packages\starlette\_utils.py", line 93, in collapse_excgroups
    |     raise exc
    |   File "D:\project\newspulse-ai\venv\Lib\site-packages\starlette\middleware\base.py", line 191, in __call__
    |     response = await self.dispatch_func(request, call_next)
    |                ^^^^^^^^^^^^^^^^^^^^^^^^^^^^^^^^^^^^^^^^^^^^
    |   File "D:\project\newspulse-ai\backend\app\main.py", line 28, in log_requests
    |     response = await call_next(request)
    |                ^^^^^^^^^^^^^^^^^^^^^^^^
    |   File "D:\project\newspulse-ai\venv\Lib\site-packages\starlette\middleware\base.py", line 165, in call_next
    |     raise app_exc
    |   File "D:\project\newspulse-ai\venv\Lib\site-packages\starlette\middleware\base.py", line 151, in coro
    |     await self.app(scope, receive_or_disconnect, send_no_error)
    |   File "D:\project\newspulse-ai\venv\Lib\site-packages\starlette\middleware\cors.py", line 93, in __call__
    |     await self.simple_response(scope, receive, send, request_headers=headers)
    |   File "D:\project\newspulse-ai\venv\Lib\site-packages\starlette\middleware\cors.py", line 148, in simple_response
    |     await self.app(scope, receive, send)
    |   File "D:\project\newspulse-ai\venv\Lib\site-packages\starlette\middleware\exceptions.py", line 65, in __call__
    |     await wrap_app_handling_exceptions(self.app, conn)(scope, receive, send)
    |   File "D:\project\newspulse-ai\venv\Lib\site-packages\starlette\_exception_handler.py", line 64, in wrapped_app
    |     raise exc
    |   File "D:\project\newspulse-ai\venv\Lib\site-packages\starlette\_exception_handler.py", line 53, in wrapped_app
    |     await app(scope, receive, sender)
    |   File "D:\project\newspulse-ai\venv\Lib\site-packages\starlette\routing.py", line 756, in __call__
    |     await self.middleware_stack(scope, receive, send)
    |   File "D:\project\newspulse-ai\venv\Lib\site-packages\starlette\routing.py", line 776, in app
    |     await route.handle(scope, receive, send)
    |   File "D:\project\newspulse-ai\venv\Lib\site-packages\starlette\routing.py", line 297, in handle
    |     await self.app(scope, receive, send)
    |   File "D:\project\newspulse-ai\venv\Lib\site-packages\starlette\routing.py", line 77, in app
    |     await wrap_app_handling_exceptions(app, request)(scope, receive, send)
    |   File "D:\project\newspulse-ai\venv\Lib\site-packages\starlette\_exception_handler.py", line 64, in wrapped_app
    |     raise exc
    |   File "D:\project\newspulse-ai\venv\Lib\site-packages\starlette\_exception_handler.py", line 53, in wrapped_app
    |     await app(scope, receive, sender)
    |   File "D:\project\newspulse-ai\venv\Lib\site-packages\starlette\routing.py", line 72, in app
    |     response = await func(request)
    |                ^^^^^^^^^^^^^^^^^^^
    |   File "D:\project\newspulse-ai\venv\Lib\site-packages\fastapi\routing.py", line 278, in app
    |     raw_response = await run_endpoint_function(
    |                    ^^^^^^^^^^^^^^^^^^^^^^^^^^^^
    |   File "D:\project\newspulse-ai\venv\Lib\site-packages\fastapi\routing.py", line 191, in run_endpoint_function
    |     return await dependant.call(**values)
    |            ^^^^^^^^^^^^^^^^^^^^^^^^^^^^^^
    |   File "D:\project\newspulse-ai\backend\app\routes\auth_routes.py", line 13, in signup
    |     return await auth_controller.signup_user(data)
    |            ^^^^^^^^^^^^^^^^^^^^^^^^^^^^^^^^^^^^^^^
    |   File "D:\project\newspulse-ai\backend\app\controllers\auth_controller.py", line 21, in signup_user
    |     user = UserModel(email=data.email, hashed_password=hash_password(data.password), name=data.name)
    |                                                        ^^^^^^^^^^^^^^^^^^^^^^^^^^^^
    |   File "D:\project\newspulse-ai\backend\app\utils\security.py", line 18, in hash_password
    |     return pwd_context.hash(password)
    |            ^^^^^^^^^^^^^^^^^^^^^^^^^^
    |   File "D:\project\newspulse-ai\venv\Lib\site-packages\passlib\context.py", line 2258, in hash
    |     return record.hash(secret, **kwds)
    |            ^^^^^^^^^^^^^^^^^^^^^^^^^^^
    |   File "D:\project\newspulse-ai\venv\Lib\site-packages\passlib\utils\handlers.py", line 779, in hash
    |     self.checksum = self._calc_checksum(secret)
    |                     ^^^^^^^^^^^^^^^^^^^^^^^^^^^
    |   File "D:\project\newspulse-ai\venv\Lib\site-packages\passlib\handlers\bcrypt.py", line 591, in _calc_checksum
    |     self._stub_requires_backend()
    |   File "D:\project\newspulse-ai\venv\Lib\site-packages\passlib\utils\handlers.py", line 2254, in _stub_requires_backend
    |     cls.set_backend()
    |   File "D:\project\newspulse-ai\venv\Lib\site-packages\passlib\utils\handlers.py", line 2156, in set_backend
    |     return owner.set_backend(name, dryrun=dryrun)
    |            ^^^^^^^^^^^^^^^^^^^^^^^^^^^^^^^^^^^^^^
    |   File "D:\project\newspulse-ai\venv\Lib\site-packages\passlib\utils\handlers.py", line 2163, in set_backend
    |     return cls.set_backend(name, dryrun=dryrun)
    |            ^^^^^^^^^^^^^^^^^^^^^^^^^^^^^^^^^^^^
    |   File "D:\project\newspulse-ai\venv\Lib\site-packages\passlib\utils\handlers.py", line 2188, in set_backend
    |     cls._set_backend(name, dryrun)
    |   File "D:\project\newspulse-ai\venv\Lib\site-packages\passlib\utils\handlers.py", line 2311, in _set_backend
    |     super(SubclassBackendMixin, cls)._set_backend(name, dryrun)
    |   File "D:\project\newspulse-ai\venv\Lib\site-packages\passlib\utils\handlers.py", line 2224, in _set_backend
    |     ok = loader(**kwds)
    |          ^^^^^^^^^^^^^^
    |   File "D:\project\newspulse-ai\venv\Lib\site-packages\passlib\handlers\bcrypt.py", line 626, in _load_backend_mixin
    |     return mixin_cls._finalize_backend_mixin(name, dryrun)
    |            ^^^^^^^^^^^^^^^^^^^^^^^^^^^^^^^^^^^^^^^^^^^^^^^
    |   File "D:\project\newspulse-ai\venv\Lib\site-packages\passlib\handlers\bcrypt.py", line 421, in _finalize_backend_mixin
    |     if detect_wrap_bug(IDENT_2A):
    |        ^^^^^^^^^^^^^^^^^^^^^^^^^
    |   File "D:\project\newspulse-ai\venv\Lib\site-packages\passlib\handlers\bcrypt.py", line 380, in detect_wrap_bug
    |     if verify(secret, bug_hash):
    |        ^^^^^^^^^^^^^^^^^^^^^^^^
    |   File "D:\project\newspulse-ai\venv\Lib\site-packages\passlib\utils\handlers.py", line 792, in verify
    |     return consteq(self._calc_checksum(secret), chk)
    |                    ^^^^^^^^^^^^^^^^^^^^^^^^^^^
    |   File "D:\project\newspulse-ai\venv\Lib\site-packages\passlib\handlers\bcrypt.py", line 655, in _calc_checksum
    |     hash = _bcrypt.hashpw(secret, config)
    |            ^^^^^^^^^^^^^^^^^^^^^^^^^^^^^^
    | ValueError: password cannot be longer than 72 bytes, truncate manually if necessary (e.g. my_password[:72])
    +------------------------------------

During handling of the above exception, another exception occurred:

Traceback (most recent call last):
  File "D:\project\newspulse-ai\venv\Lib\site-packages\starlette\middleware\errors.py", line 164, in __call__
    await self.app(scope, receive, _send)
  File "D:\project\newspulse-ai\venv\Lib\site-packages\starlette\middleware\base.py", line 189, in __call__
    with collapse_excgroups():
  File "C:\Users\anjal\AppData\Local\Programs\Python\Python311\Lib\contextlib.py", line 158, in __exit__
    self.gen.throw(typ, value, traceback)
  File "D:\project\newspulse-ai\venv\Lib\site-packages\starlette\_utils.py", line 93, in collapse_excgroups
    raise exc
  File "D:\project\newspulse-ai\venv\Lib\site-packages\starlette\middleware\base.py", line 191, in __call__
    response = await self.dispatch_func(request, call_next)
               ^^^^^^^^^^^^^^^^^^^^^^^^^^^^^^^^^^^^^^^^^^^^
  File "D:\project\newspulse-ai\backend\app\main.py", line 28, in log_requests
    response = await call_next(request)
               ^^^^^^^^^^^^^^^^^^^^^^^^
  File "D:\project\newspulse-ai\venv\Lib\site-packages\starlette\middleware\base.py", line 165, in call_next
    raise app_exc
  File "D:\project\newspulse-ai\venv\Lib\site-packages\starlette\middleware\base.py", line 151, in coro
    await self.app(scope, receive_or_disconnect, send_no_error)
  File "D:\project\newspulse-ai\venv\Lib\site-packages\starlette\middleware\cors.py", line 93, in __call__
    await self.simple_response(scope, receive, send, request_headers=headers)
  File "D:\project\newspulse-ai\venv\Lib\site-packages\starlette\middleware\cors.py", line 148, in simple_response
    await self.app(scope, receive, send)
  File "D:\project\newspulse-ai\venv\Lib\site-packages\starlette\middleware\exceptions.py", line 65, in __call__
    await wrap_app_handling_exceptions(self.app, conn)(scope, receive, send)
  File "D:\project\newspulse-ai\venv\Lib\site-packages\starlette\_exception_handler.py", line 64, in wrapped_app
    raise exc
  File "D:\project\newspulse-ai\venv\Lib\site-packages\starlette\_exception_handler.py", line 53, in wrapped_app
    await app(scope, receive, sender)
  File "D:\project\newspulse-ai\venv\Lib\site-packages\starlette\routing.py", line 756, in __call__
    await self.middleware_stack(scope, receive, send)
  File "D:\project\newspulse-ai\venv\Lib\site-packages\starlette\routing.py", line 776, in app
    await route.handle(scope, receive, send)
  File "D:\project\newspulse-ai\venv\Lib\site-packages\starlette\routing.py", line 297, in handle
    await self.app(scope, receive, send)
  File "D:\project\newspulse-ai\venv\Lib\site-packages\starlette\routing.py", line 77, in app
    await wrap_app_handling_exceptions(app, request)(scope, receive, send)
  File "D:\project\newspulse-ai\venv\Lib\site-packages\starlette\_exception_handler.py", line 64, in wrapped_app
    raise exc
  File "D:\project\newspulse-ai\venv\Lib\site-packages\starlette\_exception_handler.py", line 53, in wrapped_app
    await app(scope, receive, sender)
  File "D:\project\newspulse-ai\venv\Lib\site-packages\starlette\routing.py", line 72, in app
    response = await func(request)
               ^^^^^^^^^^^^^^^^^^^
  File "D:\project\newspulse-ai\venv\Lib\site-packages\fastapi\routing.py", line 278, in app
    raw_response = await run_endpoint_function(
                   ^^^^^^^^^^^^^^^^^^^^^^^^^^^^
  File "D:\project\newspulse-ai\venv\Lib\site-packages\fastapi\routing.py", line 191, in run_endpoint_function
    return await dependant.call(**values)
           ^^^^^^^^^^^^^^^^^^^^^^^^^^^^^^
  File "D:\project\newspulse-ai\backend\app\routes\auth_routes.py", line 13, in signup
    return await auth_controller.signup_user(data)
           ^^^^^^^^^^^^^^^^^^^^^^^^^^^^^^^^^^^^^^^
  File "D:\project\newspulse-ai\backend\app\controllers\auth_controller.py", line 21, in signup_user
    user = UserModel(email=data.email, hashed_password=hash_password(data.password), name=data.name)
                                                       ^^^^^^^^^^^^^^^^^^^^^^^^^^^^
  File "D:\project\newspulse-ai\backend\app\utils\security.py", line 18, in hash_password
    return pwd_context.hash(password)
           ^^^^^^^^^^^^^^^^^^^^^^^^^^
  File "D:\project\newspulse-ai\venv\Lib\site-packages\passlib\context.py", line 2258, in hash
    return record.hash(secret, **kwds)
           ^^^^^^^^^^^^^^^^^^^^^^^^^^^
  File "D:\project\newspulse-ai\venv\Lib\site-packages\passlib\utils\handlers.py", line 779, in hash
    self.checksum = self._calc_checksum(secret)
                    ^^^^^^^^^^^^^^^^^^^^^^^^^^^
  File "D:\project\newspulse-ai\venv\Lib\site-packages\passlib\handlers\bcrypt.py", line 591, in _calc_checksum
    self._stub_requires_backend()
  File "D:\project\newspulse-ai\venv\Lib\site-packages\passlib\utils\handlers.py", line 2254, in _stub_requires_backend
    cls.set_backend()
  File "D:\project\newspulse-ai\venv\Lib\site-packages\passlib\utils\handlers.py", line 2156, in set_backend
    return owner.set_backend(name, dryrun=dryrun)
           ^^^^^^^^^^^^^^^^^^^^^^^^^^^^^^^^^^^^^^
  File "D:\project\newspulse-ai\venv\Lib\site-packages\passlib\utils\handlers.py", line 2163, in set_backend
    return cls.set_backend(name, dryrun=dryrun)
           ^^^^^^^^^^^^^^^^^^^^^^^^^^^^^^^^^^^^
  File "D:\project\newspulse-ai\venv\Lib\site-packages\passlib\utils\handlers.py", line 2188, in set_backend
    cls._set_backend(name, dryrun)
  File "D:\project\newspulse-ai\venv\Lib\site-packages\passlib\utils\handlers.py", line 2311, in _set_backend
    super(SubclassBackendMixin, cls)._set_backend(name, dryrun)
  File "D:\project\newspulse-ai\venv\Lib\site-packages\passlib\utils\handlers.py", line 2224, in _set_backend
    ok = loader(**kwds)
         ^^^^^^^^^^^^^^
  File "D:\project\newspulse-ai\venv\Lib\site-packages\passlib\handlers\bcrypt.py", line 626, in _load_backend_mixin
    return mixin_cls._finalize_backend_mixin(name, dryrun)
           ^^^^^^^^^^^^^^^^^^^^^^^^^^^^^^^^^^^^^^^^^^^^^^^
  File "D:\project\newspulse-ai\venv\Lib\site-packages\passlib\handlers\bcrypt.py", line 421, in _finalize_backend_mixin
    if detect_wrap_bug(IDENT_2A):
       ^^^^^^^^^^^^^^^^^^^^^^^^^
  File "D:\project\newspulse-ai\venv\Lib\site-packages\passlib\handlers\bcrypt.py", line 380, in detect_wrap_bug
    if verify(secret, bug_hash):
       ^^^^^^^^^^^^^^^^^^^^^^^^
  File "D:\project\newspulse-ai\venv\Lib\site-packages\passlib\utils\handlers.py", line 792, in verify
    return consteq(self._calc_checksum(secret), chk)
                   ^^^^^^^^^^^^^^^^^^^^^^^^^^^
  File "D:\project\newspulse-ai\venv\Lib\site-packages\passlib\handlers\bcrypt.py", line 655, in _calc_checksum
    hash = _bcrypt.hashpw(secret, config)
           ^^^^^^^^^^^^^^^^^^^^^^^^^^^^^^
ValueError: password cannot be longer than 72 bytes, truncate manually if necessary (e.g. my_password[:72])
2026-06-25 19:00:43 | INFO     | app.main | OPTIONS /api/auth/signup -> 200 (0.0ms)
2026-06-25 19:00:43 | ERROR    | app.main | Unhandled error on POST /api/auth/signup
  + Exception Group Traceback (most recent call last):
  |   File "D:\project\newspulse-ai\venv\Lib\site-packages\starlette\_utils.py", line 87, in collapse_excgroups
  |     yield
  |   File "D:\project\newspulse-ai\venv\Lib\site-packages\starlette\middleware\base.py", line 190, in __call__
  |     async with anyio.create_task_group() as task_group:
  |   File "D:\project\newspulse-ai\venv\Lib\site-packages\anyio\_backends\_asyncio.py", line 811, in __aexit__
  |     raise BaseExceptionGroup(
  | ExceptionGroup: unhandled errors in a TaskGroup (1 sub-exception)
  +-+---------------- 1 ----------------
    | Traceback (most recent call last):
    |   File "D:\project\newspulse-ai\venv\Lib\site-packages\starlette\middleware\errors.py", line 164, in __call__
    |     await self.app(scope, receive, _send)
    |   File "D:\project\newspulse-ai\venv\Lib\site-packages\starlette\middleware\base.py", line 189, in __call__
    |     with collapse_excgroups():
    |   File "C:\Users\anjal\AppData\Local\Programs\Python\Python311\Lib\contextlib.py", line 158, in __exit__
    |     self.gen.throw(typ, value, traceback)
    |   File "D:\project\newspulse-ai\venv\Lib\site-packages\starlette\_utils.py", line 93, in collapse_excgroups
    |     raise exc
    |   File "D:\project\newspulse-ai\venv\Lib\site-packages\starlette\middleware\base.py", line 191, in __call__
    |     response = await self.dispatch_func(request, call_next)
    |                ^^^^^^^^^^^^^^^^^^^^^^^^^^^^^^^^^^^^^^^^^^^^
    |   File "D:\project\newspulse-ai\backend\app\main.py", line 28, in log_requests
    |     response = await call_next(request)
    |                ^^^^^^^^^^^^^^^^^^^^^^^^
    |   File "D:\project\newspulse-ai\venv\Lib\site-packages\starlette\middleware\base.py", line 165, in call_next
    |     raise app_exc
    |   File "D:\project\newspulse-ai\venv\Lib\site-packages\starlette\middleware\base.py", line 151, in coro
    |     await self.app(scope, receive_or_disconnect, send_no_error)
    |   File "D:\project\newspulse-ai\venv\Lib\site-packages\starlette\middleware\cors.py", line 93, in __call__
    |     await self.simple_response(scope, receive, send, request_headers=headers)
    |   File "D:\project\newspulse-ai\venv\Lib\site-packages\starlette\middleware\cors.py", line 148, in simple_response
    |     await self.app(scope, receive, send)
    |   File "D:\project\newspulse-ai\venv\Lib\site-packages\starlette\middleware\exceptions.py", line 65, in __call__
    |     await wrap_app_handling_exceptions(self.app, conn)(scope, receive, send)
    |   File "D:\project\newspulse-ai\venv\Lib\site-packages\starlette\_exception_handler.py", line 64, in wrapped_app
    |     raise exc
    |   File "D:\project\newspulse-ai\venv\Lib\site-packages\starlette\_exception_handler.py", line 53, in wrapped_app
    |     await app(scope, receive, sender)
    |   File "D:\project\newspulse-ai\venv\Lib\site-packages\starlette\routing.py", line 756, in __call__
    |     await self.middleware_stack(scope, receive, send)
    |   File "D:\project\newspulse-ai\venv\Lib\site-packages\starlette\routing.py", line 776, in app
    |     await route.handle(scope, receive, send)
    |   File "D:\project\newspulse-ai\venv\Lib\site-packages\starlette\routing.py", line 297, in handle
    |     await self.app(scope, receive, send)
    |   File "D:\project\newspulse-ai\venv\Lib\site-packages\starlette\routing.py", line 77, in app
    |     await wrap_app_handling_exceptions(app, request)(scope, receive, send)
    |   File "D:\project\newspulse-ai\venv\Lib\site-packages\starlette\_exception_handler.py", line 64, in wrapped_app
    |     raise exc
    |   File "D:\project\newspulse-ai\venv\Lib\site-packages\starlette\_exception_handler.py", line 53, in wrapped_app
    |     await app(scope, receive, sender)
    |   File "D:\project\newspulse-ai\venv\Lib\site-packages\starlette\routing.py", line 72, in app
    |     response = await func(request)
    |                ^^^^^^^^^^^^^^^^^^^
    |   File "D:\project\newspulse-ai\venv\Lib\site-packages\fastapi\routing.py", line 278, in app
    |     raw_response = await run_endpoint_function(
    |                    ^^^^^^^^^^^^^^^^^^^^^^^^^^^^
    |   File "D:\project\newspulse-ai\venv\Lib\site-packages\fastapi\routing.py", line 191, in run_endpoint_function
    |     return await dependant.call(**values)
    |            ^^^^^^^^^^^^^^^^^^^^^^^^^^^^^^
    |   File "D:\project\newspulse-ai\backend\app\routes\auth_routes.py", line 13, in signup
    |     return await auth_controller.signup_user(data)
    |            ^^^^^^^^^^^^^^^^^^^^^^^^^^^^^^^^^^^^^^^
    |   File "D:\project\newspulse-ai\backend\app\controllers\auth_controller.py", line 21, in signup_user
    |     user = UserModel(email=data.email, hashed_password=hash_password(data.password), name=data.name)
    |                                                        ^^^^^^^^^^^^^^^^^^^^^^^^^^^^
    |   File "D:\project\newspulse-ai\backend\app\utils\security.py", line 18, in hash_password
    |     return pwd_context.hash(password)
    |            ^^^^^^^^^^^^^^^^^^^^^^^^^^
    |   File "D:\project\newspulse-ai\venv\Lib\site-packages\passlib\context.py", line 2258, in hash
    |     return record.hash(secret, **kwds)
    |            ^^^^^^^^^^^^^^^^^^^^^^^^^^^
    |   File "D:\project\newspulse-ai\venv\Lib\site-packages\passlib\utils\handlers.py", line 779, in hash
    |     self.checksum = self._calc_checksum(secret)
    |                     ^^^^^^^^^^^^^^^^^^^^^^^^^^^
    |   File "D:\project\newspulse-ai\venv\Lib\site-packages\passlib\handlers\bcrypt.py", line 591, in _calc_checksum
    |     self._stub_requires_backend()
    |   File "D:\project\newspulse-ai\venv\Lib\site-packages\passlib\utils\handlers.py", line 2254, in _stub_requires_backend
    |     cls.set_backend()
    |   File "D:\project\newspulse-ai\venv\Lib\site-packages\passlib\utils\handlers.py", line 2156, in set_backend
    |     return owner.set_backend(name, dryrun=dryrun)
    |            ^^^^^^^^^^^^^^^^^^^^^^^^^^^^^^^^^^^^^^
    |   File "D:\project\newspulse-ai\venv\Lib\site-packages\passlib\utils\handlers.py", line 2163, in set_backend
    |     return cls.set_backend(name, dryrun=dryrun)
    |            ^^^^^^^^^^^^^^^^^^^^^^^^^^^^^^^^^^^^
    |   File "D:\project\newspulse-ai\venv\Lib\site-packages\passlib\utils\handlers.py", line 2188, in set_backend
    |     cls._set_backend(name, dryrun)
    |   File "D:\project\newspulse-ai\venv\Lib\site-packages\passlib\utils\handlers.py", line 2311, in _set_backend
    |     super(SubclassBackendMixin, cls)._set_backend(name, dryrun)
    |   File "D:\project\newspulse-ai\venv\Lib\site-packages\passlib\utils\handlers.py", line 2224, in _set_backend
    |     ok = loader(**kwds)
    |          ^^^^^^^^^^^^^^
    |   File "D:\project\newspulse-ai\venv\Lib\site-packages\passlib\handlers\bcrypt.py", line 626, in _load_backend_mixin
    |     return mixin_cls._finalize_backend_mixin(name, dryrun)
    |            ^^^^^^^^^^^^^^^^^^^^^^^^^^^^^^^^^^^^^^^^^^^^^^^
    |   File "D:\project\newspulse-ai\venv\Lib\site-packages\passlib\handlers\bcrypt.py", line 421, in _finalize_backend_mixin
    |     if detect_wrap_bug(IDENT_2A):
    |        ^^^^^^^^^^^^^^^^^^^^^^^^^
    |   File "D:\project\newspulse-ai\venv\Lib\site-packages\passlib\handlers\bcrypt.py", line 380, in detect_wrap_bug
    |     if verify(secret, bug_hash):
    |        ^^^^^^^^^^^^^^^^^^^^^^^^
    |   File "D:\project\newspulse-ai\venv\Lib\site-packages\passlib\utils\handlers.py", line 792, in verify
    |     return consteq(self._calc_checksum(secret), chk)
    |                    ^^^^^^^^^^^^^^^^^^^^^^^^^^^
    |   File "D:\project\newspulse-ai\venv\Lib\site-packages\passlib\handlers\bcrypt.py", line 655, in _calc_checksum
    |     hash = _bcrypt.hashpw(secret, config)
    |            ^^^^^^^^^^^^^^^^^^^^^^^^^^^^^^
    | ValueError: password cannot be longer than 72 bytes, truncate manually if necessary (e.g. my_password[:72])
    +------------------------------------

During handling of the above exception, another exception occurred:

Traceback (most recent call last):
  File "D:\project\newspulse-ai\venv\Lib\site-packages\starlette\middleware\errors.py", line 164, in __call__
    await self.app(scope, receive, _send)
  File "D:\project\newspulse-ai\venv\Lib\site-packages\starlette\middleware\base.py", line 189, in __call__
    with collapse_excgroups():
  File "C:\Users\anjal\AppData\Local\Programs\Python\Python311\Lib\contextlib.py", line 158, in __exit__
    self.gen.throw(typ, value, traceback)
  File "D:\project\newspulse-ai\venv\Lib\site-packages\starlette\_utils.py", line 93, in collapse_excgroups
    raise exc
  File "D:\project\newspulse-ai\venv\Lib\site-packages\starlette\middleware\base.py", line 191, in __call__
    response = await self.dispatch_func(request, call_next)
               ^^^^^^^^^^^^^^^^^^^^^^^^^^^^^^^^^^^^^^^^^^^^
  File "D:\project\newspulse-ai\backend\app\main.py", line 28, in log_requests
    response = await call_next(request)
               ^^^^^^^^^^^^^^^^^^^^^^^^
  File "D:\project\newspulse-ai\venv\Lib\site-packages\starlette\middleware\base.py", line 165, in call_next
    raise app_exc
  File "D:\project\newspulse-ai\venv\Lib\site-packages\starlette\middleware\base.py", line 151, in coro
    await self.app(scope, receive_or_disconnect, send_no_error)
  File "D:\project\newspulse-ai\venv\Lib\site-packages\starlette\middleware\cors.py", line 93, in __call__
    await self.simple_response(scope, receive, send, request_headers=headers)
  File "D:\project\newspulse-ai\venv\Lib\site-packages\starlette\middleware\cors.py", line 148, in simple_response
    await self.app(scope, receive, send)
  File "D:\project\newspulse-ai\venv\Lib\site-packages\starlette\middleware\exceptions.py", line 65, in __call__
    await wrap_app_handling_exceptions(self.app, conn)(scope, receive, send)
  File "D:\project\newspulse-ai\venv\Lib\site-packages\starlette\_exception_handler.py", line 64, in wrapped_app
    raise exc
  File "D:\project\newspulse-ai\venv\Lib\site-packages\starlette\_exception_handler.py", line 53, in wrapped_app
    await app(scope, receive, sender)
  File "D:\project\newspulse-ai\venv\Lib\site-packages\starlette\routing.py", line 756, in __call__
    await self.middleware_stack(scope, receive, send)
  File "D:\project\newspulse-ai\venv\Lib\site-packages\starlette\routing.py", line 776, in app
    await route.handle(scope, receive, send)
  File "D:\project\newspulse-ai\venv\Lib\site-packages\starlette\routing.py", line 297, in handle
    await self.app(scope, receive, send)
  File "D:\project\newspulse-ai\venv\Lib\site-packages\starlette\routing.py", line 77, in app
    await wrap_app_handling_exceptions(app, request)(scope, receive, send)
  File "D:\project\newspulse-ai\venv\Lib\site-packages\starlette\_exception_handler.py", line 64, in wrapped_app
    raise exc
  File "D:\project\newspulse-ai\venv\Lib\site-packages\starlette\_exception_handler.py", line 53, in wrapped_app
    await app(scope, receive, sender)
  File "D:\project\newspulse-ai\venv\Lib\site-packages\starlette\routing.py", line 72, in app
    response = await func(request)
               ^^^^^^^^^^^^^^^^^^^
  File "D:\project\newspulse-ai\venv\Lib\site-packages\fastapi\routing.py", line 278, in app
    raw_response = await run_endpoint_function(
                   ^^^^^^^^^^^^^^^^^^^^^^^^^^^^
  File "D:\project\newspulse-ai\venv\Lib\site-packages\fastapi\routing.py", line 191, in run_endpoint_function
    return await dependant.call(**values)
           ^^^^^^^^^^^^^^^^^^^^^^^^^^^^^^
  File "D:\project\newspulse-ai\backend\app\routes\auth_routes.py", line 13, in signup
    return await auth_controller.signup_user(data)
           ^^^^^^^^^^^^^^^^^^^^^^^^^^^^^^^^^^^^^^^
  File "D:\project\newspulse-ai\backend\app\controllers\auth_controller.py", line 21, in signup_user
    user = UserModel(email=data.email, hashed_password=hash_password(data.password), name=data.name)
                                                       ^^^^^^^^^^^^^^^^^^^^^^^^^^^^
  File "D:\project\newspulse-ai\backend\app\utils\security.py", line 18, in hash_password
    return pwd_context.hash(password)
           ^^^^^^^^^^^^^^^^^^^^^^^^^^
  File "D:\project\newspulse-ai\venv\Lib\site-packages\passlib\context.py", line 2258, in hash
    return record.hash(secret, **kwds)
           ^^^^^^^^^^^^^^^^^^^^^^^^^^^
  File "D:\project\newspulse-ai\venv\Lib\site-packages\passlib\utils\handlers.py", line 779, in hash
    self.checksum = self._calc_checksum(secret)
                    ^^^^^^^^^^^^^^^^^^^^^^^^^^^
  File "D:\project\newspulse-ai\venv\Lib\site-packages\passlib\handlers\bcrypt.py", line 591, in _calc_checksum
    self._stub_requires_backend()
  File "D:\project\newspulse-ai\venv\Lib\site-packages\passlib\utils\handlers.py", line 2254, in _stub_requires_backend
    cls.set_backend()
  File "D:\project\newspulse-ai\venv\Lib\site-packages\passlib\utils\handlers.py", line 2156, in set_backend
    return owner.set_backend(name, dryrun=dryrun)
           ^^^^^^^^^^^^^^^^^^^^^^^^^^^^^^^^^^^^^^
  File "D:\project\newspulse-ai\venv\Lib\site-packages\passlib\utils\handlers.py", line 2163, in set_backend
    return cls.set_backend(name, dryrun=dryrun)
           ^^^^^^^^^^^^^^^^^^^^^^^^^^^^^^^^^^^^
  File "D:\project\newspulse-ai\venv\Lib\site-packages\passlib\utils\handlers.py", line 2188, in set_backend
    cls._set_backend(name, dryrun)
  File "D:\project\newspulse-ai\venv\Lib\site-packages\passlib\utils\handlers.py", line 2311, in _set_backend
    super(SubclassBackendMixin, cls)._set_backend(name, dryrun)
  File "D:\project\newspulse-ai\venv\Lib\site-packages\passlib\utils\handlers.py", line 2224, in _set_backend
    ok = loader(**kwds)
         ^^^^^^^^^^^^^^
  File "D:\project\newspulse-ai\venv\Lib\site-packages\passlib\handlers\bcrypt.py", line 626, in _load_backend_mixin
    return mixin_cls._finalize_backend_mixin(name, dryrun)
           ^^^^^^^^^^^^^^^^^^^^^^^^^^^^^^^^^^^^^^^^^^^^^^^
  File "D:\project\newspulse-ai\venv\Lib\site-packages\passlib\handlers\bcrypt.py", line 421, in _finalize_backend_mixin
    if detect_wrap_bug(IDENT_2A):
       ^^^^^^^^^^^^^^^^^^^^^^^^^
  File "D:\project\newspulse-ai\venv\Lib\site-packages\passlib\handlers\bcrypt.py", line 380, in detect_wrap_bug
    if verify(secret, bug_hash):
       ^^^^^^^^^^^^^^^^^^^^^^^^
  File "D:\project\newspulse-ai\venv\Lib\site-packages\passlib\utils\handlers.py", line 792, in verify
    return consteq(self._calc_checksum(secret), chk)
                   ^^^^^^^^^^^^^^^^^^^^^^^^^^^
  File "D:\project\newspulse-ai\venv\Lib\site-packages\passlib\handlers\bcrypt.py", line 655, in _calc_checksum
    hash = _bcrypt.hashpw(secret, config)
           ^^^^^^^^^^^^^^^^^^^^^^^^^^^^^^
ValueError: password cannot be longer than 72 bytes, truncate manually if necessary (e.g. my_password[:72])
2026-06-25 19:09:21 | INFO     | app.database | MongoDB client created for database: newspulse_ai
2026-06-25 19:09:45 | INFO     | app.services.embedding_service | Sentence-Transformers model loaded: all-MiniLM-L6-v2
2026-06-25 19:09:45 | INFO     | app.main | NewsPulse AI backend starting up
2026-06-25 19:10:15 | INFO     | app.controllers.auth_controller | New user created: anjalimahapatra24@gmail.com
2026-06-25 19:10:19 | INFO     | app.services.email_service | Email sent (welcome) to ['anjalimahapatra24@gmail.com']
2026-06-25 19:10:19 | INFO     | app.main | POST /api/auth/signup -> 200 (4180.7ms)
2026-06-25 19:10:19 | INFO     | app.main | OPTIONS /api/recommendations/ -> 200 (0.0ms)
2026-06-25 19:10:19 | INFO     | app.controllers.recommendation_controller | Skipping collaborative scoring - not enough interaction data yet (0 rows)
2026-06-25 19:10:19 | INFO     | app.controllers.recommendation_controller | Cold start for anjalimahapatra24@gmail.com - serving trending feed
2026-06-25 19:10:19 | INFO     | app.main | GET /api/recommendations/ -> 200 (14.46ms)
2026-06-25 19:10:59 | INFO     | app.main | OPTIONS /api/articles/ -> 200 (0.0ms)
2026-06-25 19:10:59 | INFO     | app.main | GET /api/articles/ -> 200 (2.0ms)
2026-06-25 19:11:01 | INFO     | app.controllers.recommendation_controller | Skipping collaborative scoring - not enough interaction data yet (0 rows)
2026-06-25 19:11:01 | INFO     | app.controllers.recommendation_controller | Cold start for anjalimahapatra24@gmail.com - serving trending feed
2026-06-25 19:11:01 | INFO     | app.main | GET /api/recommendations/ -> 200 (6.0ms)
2026-06-25 19:11:03 | INFO     | app.main | GET /api/articles/ -> 200 (1.99ms)
2026-06-25 19:11:04 | INFO     | app.main | OPTIONS /api/articles/ -> 200 (0.0ms)
2026-06-25 19:11:04 | INFO     | app.main | GET /api/articles/ -> 200 (1.94ms)
2026-06-25 19:11:05 | INFO     | app.main | OPTIONS /api/articles/trending -> 200 (0.99ms)
2026-06-25 19:11:05 | INFO     | app.main | GET /api/articles/trending -> 200 (2.08ms)
2026-06-25 19:11:07 | INFO     | app.controllers.recommendation_controller | Skipping collaborative scoring - not enough interaction data yet (0 rows)
2026-06-25 19:11:07 | INFO     | app.controllers.recommendation_controller | Cold start for anjalimahapatra24@gmail.com - serving trending feed
2026-06-25 19:11:07 | INFO     | app.main | GET /api/recommendations/ -> 200 (7.09ms)
2026-06-25 19:14:33 | INFO     | app.main | GET /docs -> 200 (0.0ms)
2026-06-25 19:14:33 | INFO     | app.main | GET /openapi.json -> 200 (23.92ms)
2026-06-25 19:16:36 | INFO     | app.main | GET /api/articles/ -> 200 (4.19ms)
2026-06-25 19:23:33 | INFO     | app.main | OPTIONS /api/recommendations/ -> 200 (1.0ms)
2026-06-25 19:23:33 | INFO     | app.controllers.recommendation_controller | Skipping collaborative scoring - not enough interaction data yet (0 rows)
2026-06-25 19:23:33 | INFO     | app.controllers.recommendation_controller | Cold start for anjalimahapatra24@gmail.com - serving trending feed
2026-06-25 19:23:33 | INFO     | app.main | GET /api/recommendations/ -> 200 (11.01ms)
2026-06-25 19:23:34 | INFO     | app.controllers.recommendation_controller | Skipping collaborative scoring - not enough interaction data yet (0 rows)
2026-06-25 19:23:34 | INFO     | app.controllers.recommendation_controller | Cold start for anjalimahapatra24@gmail.com - serving trending feed
2026-06-25 19:23:34 | INFO     | app.main | GET /api/recommendations/ -> 200 (7.99ms)
2026-06-25 19:23:34 | INFO     | app.controllers.recommendation_controller | Skipping collaborative scoring - not enough interaction data yet (0 rows)
2026-06-25 19:23:34 | INFO     | app.controllers.recommendation_controller | Cold start for anjalimahapatra24@gmail.com - serving trending feed
2026-06-25 19:23:34 | INFO     | app.main | GET /api/recommendations/ -> 200 (10.0ms)
2026-06-25 19:23:34 | INFO     | app.controllers.recommendation_controller | Skipping collaborative scoring - not enough interaction data yet (0 rows)
2026-06-25 19:23:34 | INFO     | app.controllers.recommendation_controller | Cold start for anjalimahapatra24@gmail.com - serving trending feed
2026-06-25 19:23:34 | INFO     | app.main | GET /api/recommendations/ -> 200 (8.99ms)
2026-06-25 19:23:34 | INFO     | app.controllers.recommendation_controller | Skipping collaborative scoring - not enough interaction data yet (0 rows)
2026-06-25 19:23:34 | INFO     | app.controllers.recommendation_controller | Cold start for anjalimahapatra24@gmail.com - serving trending feed
2026-06-25 19:23:34 | INFO     | app.main | GET /api/recommendations/ -> 200 (9.15ms)
2026-06-25 19:23:35 | INFO     | app.controllers.recommendation_controller | Skipping collaborative scoring - not enough interaction data yet (0 rows)
2026-06-25 19:23:35 | INFO     | app.controllers.recommendation_controller | Cold start for anjalimahapatra24@gmail.com - serving trending feed
2026-06-25 19:23:35 | INFO     | app.main | GET /api/recommendations/ -> 200 (9.01ms)
2026-06-25 19:23:35 | INFO     | app.controllers.recommendation_controller | Skipping collaborative scoring - not enough interaction data yet (0 rows)
2026-06-25 19:23:35 | INFO     | app.controllers.recommendation_controller | Cold start for anjalimahapatra24@gmail.com - serving trending feed
2026-06-25 19:23:35 | INFO     | app.main | GET /api/recommendations/ -> 200 (8.0ms)
2026-06-25 19:23:35 | INFO     | app.controllers.recommendation_controller | Skipping collaborative scoring - not enough interaction data yet (0 rows)
2026-06-25 19:23:35 | INFO     | app.controllers.recommendation_controller | Cold start for anjalimahapatra24@gmail.com - serving trending feed
2026-06-25 19:23:35 | INFO     | app.main | GET /api/recommendations/ -> 200 (10.09ms)
2026-06-25 19:23:52 | INFO     | app.database | MongoDB client created for database: newspulse_ai
2026-06-25 19:24:02 | INFO     | app.services.embedding_service | Sentence-Transformers model loaded: all-MiniLM-L6-v2
2026-06-25 19:24:02 | INFO     | app.main | NewsPulse AI backend starting up
2026-06-25 19:24:10 | INFO     | app.controllers.recommendation_controller | Skipping collaborative scoring - not enough interaction data yet (0 rows)
2026-06-25 19:24:10 | INFO     | app.controllers.recommendation_controller | Cold start for anjalimahapatra24@gmail.com - serving trending feed
2026-06-25 19:24:10 | INFO     | app.main | GET /api/recommendations/ -> 200 (40.25ms)
2026-06-25 19:24:11 | INFO     | app.controllers.recommendation_controller | Skipping collaborative scoring - not enough interaction data yet (0 rows)
2026-06-25 19:24:11 | INFO     | app.controllers.recommendation_controller | Cold start for anjalimahapatra24@gmail.com - serving trending feed
2026-06-25 19:24:11 | INFO     | app.main | GET /api/recommendations/ -> 200 (10.12ms)
2026-06-25 19:24:11 | INFO     | app.controllers.recommendation_controller | Skipping collaborative scoring - not enough interaction data yet (0 rows)
2026-06-25 19:24:11 | INFO     | app.controllers.recommendation_controller | Cold start for anjalimahapatra24@gmail.com - serving trending feed
2026-06-25 19:24:11 | INFO     | app.main | GET /api/recommendations/ -> 200 (10.72ms)
2026-06-25 19:24:12 | INFO     | app.controllers.recommendation_controller | Skipping collaborative scoring - not enough interaction data yet (0 rows)
2026-06-25 19:24:12 | INFO     | app.controllers.recommendation_controller | Cold start for anjalimahapatra24@gmail.com - serving trending feed
2026-06-25 19:24:12 | INFO     | app.main | GET /api/recommendations/ -> 200 (11.03ms)
2026-06-25 19:24:12 | INFO     | app.controllers.recommendation_controller | Skipping collaborative scoring - not enough interaction data yet (0 rows)
2026-06-25 19:24:12 | INFO     | app.controllers.recommendation_controller | Cold start for anjalimahapatra24@gmail.com - serving trending feed
2026-06-25 19:24:12 | INFO     | app.main | GET /api/recommendations/ -> 200 (12.09ms)
2026-06-25 19:24:12 | INFO     | app.controllers.recommendation_controller | Skipping collaborative scoring - not enough interaction data yet (0 rows)
2026-06-25 19:24:12 | INFO     | app.controllers.recommendation_controller | Cold start for anjalimahapatra24@gmail.com - serving trending feed
2026-06-25 19:24:12 | INFO     | app.main | GET /api/recommendations/ -> 200 (10.0ms)
2026-06-25 19:24:12 | INFO     | app.controllers.recommendation_controller | Skipping collaborative scoring - not enough interaction data yet (0 rows)
2026-06-25 19:24:12 | INFO     | app.controllers.recommendation_controller | Cold start for anjalimahapatra24@gmail.com - serving trending feed
2026-06-25 19:24:12 | INFO     | app.main | GET /api/recommendations/ -> 200 (7.0ms)
2026-06-25 19:24:12 | INFO     | app.controllers.recommendation_controller | Skipping collaborative scoring - not enough interaction data yet (0 rows)
2026-06-25 19:24:12 | INFO     | app.controllers.recommendation_controller | Cold start for anjalimahapatra24@gmail.com - serving trending feed
2026-06-25 19:24:12 | INFO     | app.main | GET /api/recommendations/ -> 200 (11.33ms)
2026-06-25 19:24:12 | INFO     | app.controllers.recommendation_controller | Skipping collaborative scoring - not enough interaction data yet (0 rows)
2026-06-25 19:24:12 | INFO     | app.controllers.recommendation_controller | Cold start for anjalimahapatra24@gmail.com - serving trending feed
2026-06-25 19:24:12 | INFO     | app.main | GET /api/recommendations/ -> 200 (7.02ms)
2026-06-25 19:24:13 | INFO     | app.controllers.recommendation_controller | Skipping collaborative scoring - not enough interaction data yet (0 rows)
2026-06-25 19:24:13 | INFO     | app.controllers.recommendation_controller | Cold start for anjalimahapatra24@gmail.com - serving trending feed
2026-06-25 19:24:13 | INFO     | app.main | GET /api/recommendations/ -> 200 (15.13ms)
2026-06-27 19:42:17 | INFO     | app.database | MongoDB client created for database: newspulse_ai
2026-06-27 19:43:14 | INFO     | app.database | MongoDB client created for database: newspulse_ai
2026-06-27 19:43:48 | INFO     | app.services.embedding_service | Sentence-Transformers model loaded: all-MiniLM-L6-v2
2026-06-27 19:43:50 | INFO     | __main__ | Fetched 19 raw articles for category=tech
2026-06-27 19:43:55 | INFO     | __main__ | Fetched 18 raw articles for category=world
2026-06-27 19:44:12 | INFO     | __main__ | Ingestion complete - 36 new articles added
2026-06-27 19:46:03 | INFO     | app.database | MongoDB client created for database: newspulse_ai
2026-06-27 19:46:15 | INFO     | app.services.embedding_service | Sentence-Transformers model loaded: all-MiniLM-L6-v2
2026-06-27 19:46:15 | INFO     | app.main | NewsPulse AI backend starting up
2026-06-27 19:47:29 | INFO     | app.main | OPTIONS /api/auth/login -> 200 (0.0ms)
2026-06-27 19:47:30 | INFO     | app.controllers.auth_controller | Successful login: anjalimahapatra24@gmail.com
2026-06-27 19:47:30 | INFO     | app.main | POST /api/auth/login -> 200 (318.91ms)
2026-06-27 19:47:30 | INFO     | app.main | OPTIONS /api/recommendations/ -> 200 (0.0ms)
2026-06-27 19:47:30 | INFO     | app.controllers.recommendation_controller | Skipping collaborative scoring - not enough interaction data yet (0 rows)
2026-06-27 19:47:30 | INFO     | app.controllers.recommendation_controller | Cold start for anjalimahapatra24@gmail.com - serving trending feed
2026-06-27 19:47:30 | INFO     | app.main | GET /api/recommendations/ -> 200 (18.38ms)
2026-06-27 19:55:17 | INFO     | app.main | OPTIONS /api/articles/interactions -> 200 (1.0ms)
2026-06-27 19:55:17 | INFO     | app.controllers.article_controller | Interaction logged: user=anjalimahapatra24@gmail.com article=6a3fdaa632016bf0300ebc0a action=click
2026-06-27 19:55:17 | INFO     | app.main | POST /api/articles/interactions -> 200 (53.81ms)
2026-06-27 19:55:29 | INFO     | app.main | OPTIONS /api/articles/ -> 200 (0.99ms)
2026-06-27 19:55:29 | INFO     | app.main | GET /api/articles/ -> 200 (3.68ms)
2026-06-27 19:55:37 | INFO     | app.main | OPTIONS /api/articles/ -> 200 (0.0ms)
2026-06-27 19:55:37 | INFO     | app.main | GET /api/articles/ -> 200 (5.0ms)
2026-06-27 19:55:43 | INFO     | app.main | OPTIONS /api/articles/trending -> 200 (0.0ms)
2026-06-27 19:55:43 | INFO     | app.main | GET /api/articles/trending -> 200 (23.1ms)
2026-06-27 19:55:46 | INFO     | app.controllers.recommendation_controller | Skipping collaborative scoring - not enough interaction data yet (1 rows)
2026-06-27 19:55:46 | INFO     | app.controllers.recommendation_controller | Generated 20 recommendations for anjalimahapatra24@gmail.com
2026-06-27 19:55:46 | INFO     | app.main | GET /api/recommendations/ -> 200 (15.0ms)
2026-06-27 20:10:59 | INFO     | app.database | MongoDB client created for database: newspulse_ai
2026-06-27 20:19:55 | INFO     | app.database | MongoDB client created for database: newspulse_ai
2026-06-27 20:21:42 | INFO     | app.database | MongoDB client created for database: newspulse_ai
2026-06-27 20:23:37 | INFO     | app.database | MongoDB client created for database: newspulse_ai
2026-06-27 20:23:48 | INFO     | app.services.embedding_service | Sentence-Transformers model loaded: all-MiniLM-L6-v2
2026-06-27 20:23:49 | INFO     | __main__ | Building digests for 1 users
2026-06-27 20:23:49 | INFO     | app.controllers.recommendation_controller | Skipping collaborative scoring - not enough interaction data yet (1 rows)
2026-06-27 20:23:49 | INFO     | app.controllers.recommendation_controller | Generated 30 recommendations for anjalimahapatra24@gmail.com
2026-06-27 20:23:53 | INFO     | app.services.email_service | Email sent (digest) to ['anjalimahapatra24@gmail.com']
2026-06-27 20:23:53 | INFO     | __main__ | Digest run complete - sent to 1/1 users
2026-06-27 21:14:14 | INFO     | app.database | MongoDB client created for database: newspulse_ai
2026-06-28 10:39:34 | INFO     | app.database | MongoDB client created for database: newspulse_ai
2026-06-28 10:39:53 | INFO     | app.services.embedding_service | Sentence-Transformers model loaded: all-MiniLM-L6-v2
2026-06-28 10:39:53 | INFO     | app.main | NewsPulse AI backend starting up
2026-06-28 10:41:49 | INFO     | app.main | OPTIONS /api/auth/login -> 200 (0.0ms)
2026-06-28 10:41:49 | INFO     | app.controllers.auth_controller | Successful login: anjalimahapatra24@gmail.com
2026-06-28 10:41:49 | INFO     | app.main | POST /api/auth/login -> 200 (301.18ms)
2026-06-28 10:41:50 | INFO     | app.main | OPTIONS /api/recommendations/ -> 200 (0.0ms)
2026-06-28 10:41:50 | INFO     | app.controllers.recommendation_controller | Skipping collaborative scoring - not enough interaction data yet (1 rows)
2026-06-28 10:41:50 | INFO     | app.controllers.recommendation_controller | Generated 20 recommendations for anjalimahapatra24@gmail.com
2026-06-28 10:41:50 | INFO     | app.main | GET /api/recommendations/ -> 200 (172.56ms)
2026-06-28 10:42:41 | INFO     | app.main | OPTIONS /api/articles/interactions -> 200 (0.0ms)
2026-06-28 10:42:41 | INFO     | app.controllers.article_controller | Interaction logged: user=anjalimahapatra24@gmail.com article=6a3fdaa632016bf0300ebc0b action=click
2026-06-28 10:42:41 | INFO     | app.main | POST /api/articles/interactions -> 200 (7.0ms)
2026-06-28 11:10:15 | INFO     | app.database | MongoDB client created for database: newspulse_ai
2026-06-28 11:10:48 | INFO     | app.services.embedding_service | Sentence-Transformers model loaded: all-MiniLM-L6-v2
2026-06-28 11:10:48 | INFO     | app.main | NewsPulse AI backend starting up
2026-06-28 11:11:05 | INFO     | app.main | OPTIONS /api/recommendations/ -> 200 (0.0ms)
2026-06-28 11:11:06 | INFO     | app.controllers.recommendation_controller | Skipping collaborative scoring - not enough interaction data yet (2 rows)
2026-06-28 11:11:06 | INFO     | app.controllers.recommendation_controller | Generated 20 recommendations for anjalimahapatra24@gmail.com
2026-06-28 11:11:06 | INFO     | app.main | GET /api/recommendations/ -> 200 (412.7ms)
2026-06-28 11:11:07 | INFO     | app.controllers.recommendation_controller | Skipping collaborative scoring - not enough interaction data yet (2 rows)
2026-06-28 11:11:07 | INFO     | app.controllers.recommendation_controller | Generated 20 recommendations for anjalimahapatra24@gmail.com
2026-06-28 11:11:07 | INFO     | app.main | GET /api/recommendations/ -> 200 (20.11ms)
2026-06-28 15:39:03 | INFO     | app.database | MongoDB client created for database: newspulse_ai
2026-06-28 15:39:14 | INFO     | app.services.embedding_service | Sentence-Transformers model loaded: all-MiniLM-L6-v2
2026-06-28 15:39:14 | INFO     | app.main | NewsPulse AI backend starting up
2026-06-28 15:43:13 | INFO     | app.database | MongoDB client created for database: newspulse_ai
2026-06-28 15:43:23 | INFO     | app.services.embedding_service | Sentence-Transformers model loaded: all-MiniLM-L6-v2
2026-06-28 15:43:23 | INFO     | app.main | NewsPulse AI backend starting up
2026-06-28 15:43:55 | INFO     | app.main | OPTIONS /api/auth/google -> 200 (0.0ms)
2026-06-28 15:43:56 | INFO     | app.controllers.auth_controller | Existing user logged in via Google: anjalimahapatra24@gmail.com
2026-06-28 15:43:56 | INFO     | app.main | POST /api/auth/google -> 200 (307.87ms)
2026-06-28 15:43:56 | INFO     | app.main | OPTIONS /api/recommendations/ -> 200 (1.06ms)
2026-06-28 15:43:56 | INFO     | app.controllers.recommendation_controller | Skipping collaborative scoring - not enough interaction data yet (2 rows)
2026-06-28 15:43:56 | INFO     | app.controllers.recommendation_controller | Generated 20 recommendations for anjalimahapatra24@gmail.com
2026-06-28 15:43:56 | INFO     | app.main | GET /api/recommendations/ -> 200 (101.61ms)
2026-06-28 15:44:20 | INFO     | app.main | OPTIONS /api/articles/ -> 200 (0.0ms)
2026-06-28 15:44:20 | INFO     | app.main | GET /api/articles/ -> 200 (3.46ms)
2026-06-28 15:44:36 | INFO     | app.main | OPTIONS /api/articles/ -> 200 (0.0ms)
2026-06-28 15:44:36 | INFO     | app.main | GET /api/articles/ -> 200 (4.09ms)
2026-06-28 15:44:54 | INFO     | app.main | OPTIONS /api/articles/trending -> 200 (0.0ms)
2026-06-28 15:44:54 | INFO     | app.main | GET /api/articles/trending -> 200 (7.0ms)
2026-06-28 15:46:16 | INFO     | app.controllers.auth_controller | Existing user logged in via Google: anjalimahapatra24@gmail.com
2026-06-28 15:46:16 | INFO     | app.main | POST /api/auth/google -> 200 (267.18ms)
2026-06-28 15:46:17 | INFO     | app.controllers.recommendation_controller | Skipping collaborative scoring - not enough interaction data yet (2 rows)
2026-06-28 15:46:17 | INFO     | app.controllers.recommendation_controller | Generated 20 recommendations for anjalimahapatra24@gmail.com
2026-06-28 15:46:17 | INFO     | app.main | GET /api/recommendations/ -> 200 (17.06ms)
